rechnen is already in database.
abrechnen is already in database.
anrechnen is already in database.
aufrechnen is already in database.
ausrechnen is already in database.
gegenrechnen is already in database.
hinzurechnen saved to database.
No sample sentences available for 'hinzurechnen'.
hochrechnen saved to database.
umrechnen saved to database.
zurechnen saved to database.
zusammenrechnen saved to database.
No sample sentences available for 'zusammenrechnen'.
finden is already in database.
abfinden is already in database.
auffinden is already in database.
herausfinden is already in database.
rausfinden is already in database.
sich abfinden is already in database.
sich finden is already in database.
sich wiederfinden is already in database.
stattfinden is already in database.
vorfinden is already in database.
wiederfinden is already in database.
zurechtfinden is already in database.
zurückfinden is already in database.
zusammenfinden is already in database.
