finden is already in database.
abfinden is already in database.
auffinden is already in database.
herausfinden is already in database.
rausfinden is already in database.
sich abfinden is already in database.
sich finden is already in database.
sich wiederfinden is already in database.
stattfinden is already in database.
vorfinden is already in database.
wiederfinden is already in database.
zurechtfinden is already in database.
zurückfinden is already in database.
zusammenfinden is already in database.
reißen saved to database.
abreißen saved to database.
anreißen saved to database.
aufreißen saved to database.
ausreißen saved to database.
einreißen saved to database.
herausreißen saved to database.
niederreißen saved to database.
umreißen saved to database.
kriegen saved to database.
herumkriegen saved to database.
No sample sentences available for 'herumkriegen'.
denken saved to database.
ausdenken saved to database.
nachdenken saved to database.
sich ausdenken saved to database.
No sample sentences available for 'sich ausdenken'.
sich denken saved to database.
No sample sentences available for 'sich denken'.
umdenken saved to database.
vorausdenken saved to database.
beruhigen saved to database.
sich beruhigen saved to database.
No sample sentences available for 'sich beruhigen'.
spüren saved to database.
aufspüren saved to database.
bewältigen saved to database.
stoßen saved to database.
abstoßen saved to database.
aneinanderstoßen saved to database.
anstoßen saved to database.
aufeinanderstoßen saved to database.
ausstoßen saved to database.
sich stoßen saved to database.
No sample sentences available for 'sich stoßen'.
umstoßen saved to database.
zusammenstoßen saved to database.
fordern saved to database.
anfordern saved to database.
auffordern saved to database.
einfordern saved to database.
herausfordern saved to database.
zurückfordern saved to database.
verursachen saved to database.
wertschätzen saved to database.
zerrieben has no definitionsweisen saved to database.
abweisen saved to database.
anweisen saved to database.
aufweisen saved to database.
ausweisen saved to database.
hinweisen saved to database.
nachweisen saved to database.
vorweisen saved to database.
weis saved to database.
weise saved to database.
zurechtweisen saved to database.
zurückweisen saved to database.
zuweisen saved to database.
rechnen saved to database.
abrechnen saved to database.
anrechnen saved to database.
aufrechnen saved to database.
ausrechnen saved to database.
gegenrechnen saved to database.
hinzurechnen saved to database.
No sample sentences available for 'hinzurechnen'.
hochrechnen saved to database.
umrechnen saved to database.
zurechnen saved to database.
zusammenrechnen saved to database.
No sample sentences available for 'zusammenrechnen'.
finden is already in database.
abfinden is already in database.
auffinden is already in database.
herausfinden is already in database.
rausfinden is already in database.
sich abfinden is already in database.
sich finden is already in database.
sich wiederfinden is already in database.
stattfinden is already in database.
vorfinden is already in database.
wiederfinden is already in database.
zurechtfinden is already in database.
zurückfinden is already in database.
zusammenfinden is already in database.
abfinden has no definitionsvertragen saved to database.
spucken saved to database.
ausspucken saved to database.
verbitten has no definitionsanrempeln has no definitionsvertun saved to database.
überzeugen saved to database.
überzeugen is already in database.
sich verhalten saved to database.
No sample sentences available for 'sich verhalten'.
verhalten saved to database.
verhalten is already in database.
sich verlassen saved to database.
No sample sentences available for 'sich verlassen'.
verlassen saved to database.
verlassen is already in database.
Vorspiel saved to database.

